<?xml version="1.0" encoding="UTF-8"?>
<!-- Generated by org.testng.reporters.JUnitXMLReporter -->
<testsuite ignored="0" hostname="Priya" failures="1" tests="1" name="Test" time="10.402" errors="0" timestamp="2024-09-23T20:40:11 IST">
  <testcase classname="Fb1_Test.Search_A_Friend" name="Login" time="10.354">
    <failure type="org.openqa.selenium.NoSuchElementException" message="no such element: Unable to locate element: {&amp;quot;method&amp;quot;:&amp;quot;xpath&amp;quot;,&amp;quot;selector&amp;quot;:&amp;quot;//input[@className=&amp;apos;x1i10hfl xggy1nq x1s07b3s x1kdt53j x1yc453h xhb22t3 xb5gni xcj1dhv x2s2ed0 xq33zhf xjyslct xjbqb8w xnwf7zb x40j3uw x1s7lred x15gyhx8 x972fbf xcfux6l x1qhh985 xm0m39n x9f619 xzsf02u xdl72j9 x1iyjqo2 xs83m0k xjb2p0i x6prxxf xeuugli x1a2a7pz x1n2onr6 x15h3p50 xdvlbce x1sxyh0 xurb0ha xm7lytj x1vqgdyp x1xtgk1k x17hph69 xo6swyp x1ad04t7 x1glnyev x1ix68h3 x19gujb8&amp;apos;]&amp;quot;}
  (Session info: chrome=129.0.6668.58)
For documentation on this error, please visit: https://www.selenium.dev/documentation/webdriver/troubleshooting/errors#no-such-element-exception
Build info: version: &amp;apos;4.21.0&amp;apos;, revision: &amp;apos;79ed462ef4&amp;apos;
System info: os.name: &amp;apos;Windows 11&amp;apos;, os.arch: &amp;apos;amd64&amp;apos;, os.version: &amp;apos;10.0&amp;apos;, java.version: &amp;apos;22.0.2&amp;apos;
Driver info: org.openqa.selenium.chrome.ChromeDriver
Command: [ad7a016f99f2d65e7c7d2dfaa915e405, findElement {using=xpath, value=//input[@className=&amp;apos;x1i10hfl xggy1nq x1s07b3s x1kdt53j x1yc453h xhb22t3 xb5gni xcj1dhv x2s2ed0 xq33zhf xjyslct xjbqb8w xnwf7zb x40j3uw x1s7lred x15gyhx8 x972fbf xcfux6l x1qhh985 xm0m39n x9f619 xzsf02u xdl72j9 x1iyjqo2 xs83m0k xjb2p0i x6prxxf xeuugli x1a2a7pz x1n2onr6 x15h3p50 xdvlbce x1sxyh0 xurb0ha xm7lytj x1vqgdyp x1xtgk1k x17hph69 xo6swyp x1ad04t7 x1glnyev x1ix68h3 x19gujb8&amp;apos;]}]
Capabilities {acceptInsecureCerts: false, browserName: chrome, browserVersion: 129.0.6668.58, chrome: {chromedriverVersion: 129.0.6668.58 (81a06fb873a9..., userDataDir: C:\Users\priya\AppData\Loca...}, fedcm:accounts: true, goog:chromeOptions: {debuggerAddress: localhost:53434}, networkConnectionEnabled: false, pageLoadStrategy: normal, platformName: windows, proxy: Proxy(), se:cdp: ws://localhost:53434/devtoo..., se:cdpVersion: 129.0.6668.58, setWindowRect: true, strictFileInteractability: false, timeouts: {implicit: 0, pageLoad: 300000, script: 30000}, unhandledPromptBehavior: dismiss and notify, webauthn:extension:credBlob: true, webauthn:extension:largeBlob: true, webauthn:extension:minPinLength: true, webauthn:extension:prf: true, webauthn:virtualAuthenticators: true}
Session ID: ad7a016f99f2d65e7c7d2dfaa915e405">
      <![CDATA[org.openqa.selenium.NoSuchElementException: no such element: Unable to locate element: {"method":"xpath","selector":"//input[@className='x1i10hfl xggy1nq x1s07b3s x1kdt53j x1yc453h xhb22t3 xb5gni xcj1dhv x2s2ed0 xq33zhf xjyslct xjbqb8w xnwf7zb x40j3uw x1s7lred x15gyhx8 x972fbf xcfux6l x1qhh985 xm0m39n x9f619 xzsf02u xdl72j9 x1iyjqo2 xs83m0k xjb2p0i x6prxxf xeuugli x1a2a7pz x1n2onr6 x15h3p50 xdvlbce x1sxyh0 xurb0ha xm7lytj x1vqgdyp x1xtgk1k x17hph69 xo6swyp x1ad04t7 x1glnyev x1ix68h3 x19gujb8']"}
  (Session info: chrome=129.0.6668.58)
For documentation on this error, please visit: https://www.selenium.dev/documentation/webdriver/troubleshooting/errors#no-such-element-exception
Build info: version: '4.21.0', revision: '79ed462ef4'
System info: os.name: 'Windows 11', os.arch: 'amd64', os.version: '10.0', java.version: '22.0.2'
Driver info: org.openqa.selenium.chrome.ChromeDriver
Command: [ad7a016f99f2d65e7c7d2dfaa915e405, findElement {using=xpath, value=//input[@className='x1i10hfl xggy1nq x1s07b3s x1kdt53j x1yc453h xhb22t3 xb5gni xcj1dhv x2s2ed0 xq33zhf xjyslct xjbqb8w xnwf7zb x40j3uw x1s7lred x15gyhx8 x972fbf xcfux6l x1qhh985 xm0m39n x9f619 xzsf02u xdl72j9 x1iyjqo2 xs83m0k xjb2p0i x6prxxf xeuugli x1a2a7pz x1n2onr6 x15h3p50 xdvlbce x1sxyh0 xurb0ha xm7lytj x1vqgdyp x1xtgk1k x17hph69 xo6swyp x1ad04t7 x1glnyev x1ix68h3 x19gujb8']}]
Capabilities {acceptInsecureCerts: false, browserName: chrome, browserVersion: 129.0.6668.58, chrome: {chromedriverVersion: 129.0.6668.58 (81a06fb873a9..., userDataDir: C:\Users\priya\AppData\Loca...}, fedcm:accounts: true, goog:chromeOptions: {debuggerAddress: localhost:53434}, networkConnectionEnabled: false, pageLoadStrategy: normal, platformName: windows, proxy: Proxy(), se:cdp: ws://localhost:53434/devtoo..., se:cdpVersion: 129.0.6668.58, setWindowRect: true, strictFileInteractability: false, timeouts: {implicit: 0, pageLoad: 300000, script: 30000}, unhandledPromptBehavior: dismiss and notify, webauthn:extension:credBlob: true, webauthn:extension:largeBlob: true, webauthn:extension:minPinLength: true, webauthn:extension:prf: true, webauthn:virtualAuthenticators: true}
Session ID: ad7a016f99f2d65e7c7d2dfaa915e405
at org.openqa.selenium.remote.ErrorCodec.decode(ErrorCodec.java:167)
at org.openqa.selenium.remote.codec.w3c.W3CHttpResponseCodec.decode(W3CHttpResponseCodec.java:138)
at org.openqa.selenium.remote.codec.w3c.W3CHttpResponseCodec.decode(W3CHttpResponseCodec.java:50)
at org.openqa.selenium.remote.HttpCommandExecutor.execute(HttpCommandExecutor.java:190)
at org.openqa.selenium.remote.service.DriverCommandExecutor.invokeExecute(DriverCommandExecutor.java:216)
at org.openqa.selenium.remote.service.DriverCommandExecutor.execute(DriverCommandExecutor.java:174)
at org.openqa.selenium.remote.RemoteWebDriver.execute(RemoteWebDriver.java:518)
at org.openqa.selenium.remote.ElementLocation$ElementFinder$2.findElement(ElementLocation.java:165)
at org.openqa.selenium.remote.ElementLocation.findElement(ElementLocation.java:59)
at org.openqa.selenium.remote.RemoteWebDriver.findElement(RemoteWebDriver.java:355)
at org.openqa.selenium.remote.RemoteWebDriver.findElement(RemoteWebDriver.java:349)
at org.openqa.selenium.support.pagefactory.DefaultElementLocator.findElement(DefaultElementLocator.java:68)
at org.openqa.selenium.support.pagefactory.internal.LocatingElementHandler.invoke(LocatingElementHandler.java:38)
at jdk.proxy2/jdk.proxy2.$Proxy11.sendKeys(Unknown Source)
at Fb1_source.FB1_HomePage.search(FB1_HomePage.java:17)
at Fb1_Test.Search_A_Friend.Login(Search_A_Friend.java:27)
at java.base/java.util.ArrayList.forEach(ArrayList.java:1597)
... Removed 28 stack frames]]>
    </failure>
  </testcase> <!-- Login -->
</testsuite> <!-- Test -->
